<?xml version="1.0" encoding="UTF-8"?>
<!-- Generated by org.testng.reporters.JUnitReportReporter -->
<testsuite skipped="0" hostname="LAPTOP-0A7CUA1B" name="com.vmetry.testcases.Booking" tests="2" failures="0" timestamp="19 Nov 2017 17:24:05 GMT" time="1.264" errors="0">
  <testcase name="hmelogin" time="0.401" classname="com.vmetry.testcases.Booking"/>
  <testcase name="doBooking" time="0.863" classname="com.vmetry.testcases.Booking"/>
</testsuite> <!-- com.vmetry.testcases.Booking -->
